<?xml version="1.0" encoding="UTF-8"?>
<!-- Generated by org.testng.reporters.JUnitXMLReporter -->
<testsuite hostname="LAPTOP-OHA7GF6B" ignored="0" name="Default test" tests="3" failures="0" timestamp="31 May 2021 18:22:59 GMT" time="14.447" errors="0">
  <testcase name="createLeaf" time="1.88" classname="com.leafBot.testcases.TC001_LoginLogOut"/>
  <testcase name="createLeaf" time="1.673" classname="com.leafBot.testcases.TC001_LoginLogOut"/>
  <testcase name="createLeaf" time="2.009" classname="com.leafBot.testcases.TC001_LoginLogOut"/>
</testsuite> <!-- Default test -->
